<?xml version="1.0" encoding="UTF-8"?>
<!-- Generated by org.testng.reporters.JUnitReportReporter -->
<testsuite skipped="0" hostname="SOA-PC" name="wam.PageFatory.CP.CP_001" tests="1" failures="0" timestamp="05 nov 2018 23:09:32 GMT" time="1.481" errors="0">
  <testcase name="CP" time="1.481" classname="wam.PageFatory.CP.CP_001"/>
</testsuite> <!-- wam.PageFatory.CP.CP_001 -->
