<?xml version="1.0" encoding="UTF-8"?>
<!-- Generated by org.testng.reporters.JUnitReportReporter -->
<testsuite skipped="0" hostname="SOA-PC" name="com.wam.Flujos.Flujo_01" tests="1" failures="0" timestamp="08 nov 2018 17:50:38 GMT" time="26.370" errors="0">
  <testcase name="PorFavorLogin" time="26.370" classname="com.wam.Flujos.Flujo_01"/>
</testsuite> <!-- com.wam.Flujos.Flujo_01 -->
